<?xml version="1.0" encoding="UTF-8"?>
<testng-results ignored="0" total="1" passed="1" failed="0" skipped="0">
  <reporter-output>
  </reporter-output>
  <suite started-at="2026-09-22T09:49:45 IST" name="Default suite" finished-at="2026-09-22T09:49:45 IST" duration-ms="145">
    <groups>
    </groups>
    <test started-at="2026-09-22T09:49:45 IST" name="Default test" finished-at="2026-09-22T09:49:45 IST" duration-ms="145">
      <class name="package2.OrgTest">
        <test-method signature="createOrg()[pri:0, instance:package2.OrgTest@49e53c76]" started-at="2026-09-22T09:49:45 IST" name="createOrg" finished-at="2026-09-22T09:49:45 IST" duration-ms="49" status="PASS">
          <reporter-output>
          </reporter-output>
        </test-method> <!-- createOrg -->
      </class> <!-- package2.OrgTest -->
    </test> <!-- Default test -->
  </suite> <!-- Default suite -->
</testng-results>
